Performing C SOURCE FILE Test CMAKE_HAVE_LIBC_PTHREAD failed with the following output:
Change Dir: /home/haininh/my_catkin8/build/motorosudp/CMakeFiles/CMakeTmp

Run Build Command(s):/usr/bin/make -f Makefile cmTC_e51c7/fast && /usr/bin/make  -f CMakeFiles/cmTC_e51c7.dir/build.make CMakeFiles/cmTC_e51c7.dir/build
make[1]: Entering directory '/home/haininh/my_catkin8/build/motorosudp/CMakeFiles/CMakeTmp'
Building C object CMakeFiles/cmTC_e51c7.dir/src.c.o
/usr/bin/cc -DCMAKE_HAVE_LIBC_PTHREAD  -std=c11  -o CMakeFiles/cmTC_e51c7.dir/src.c.o -c /home/haininh/my_catkin8/build/motorosudp/CMakeFiles/CMakeTmp/src.c
Linking C executable cmTC_e51c7
/usr/bin/cmake -E cmake_link_script CMakeFiles/cmTC_e51c7.dir/link.txt --verbose=1
/usr/bin/cc  -std=c11  -rdynamic CMakeFiles/cmTC_e51c7.dir/src.c.o -o cmTC_e51c7 
CMakeFiles/cmTC_e51c7.dir/src.c.o: In function `main':
src.c:(.text+0x3e): undefined reference to `pthread_create'
src.c:(.text+0x4a): undefined reference to `pthread_detach'
src.c:(.text+0x56): undefined reference to `pthread_cancel'
src.c:(.text+0x67): undefined reference to `pthread_join'
src.c:(.text+0x7b): undefined reference to `pthread_atfork'
collect2: error: ld returned 1 exit status
CMakeFiles/cmTC_e51c7.dir/build.make:98: recipe for target 'cmTC_e51c7' failed
make[1]: *** [cmTC_e51c7] Error 1
make[1]: Leaving directory '/home/haininh/my_catkin8/build/motorosudp/CMakeFiles/CMakeTmp'
Makefile:127: recipe for target 'cmTC_e51c7/fast' failed
make: *** [cmTC_e51c7/fast] Error 2


Source file was:
#include <pthread.h>

static void* test_func(void* data)
{
  return data;
}

int main(void)
{
  pthread_t thread;
  pthread_create(&thread, NULL, test_func, NULL);
  pthread_detach(thread);
  pthread_cancel(thread);
  pthread_join(thread, NULL);
  pthread_atfork(NULL, NULL, NULL);
  pthread_exit(NULL);

  return 0;
}

Determining if the function pthread_create exists in the pthreads failed with the following output:
Change Dir: /home/haininh/my_catkin8/build/motorosudp/CMakeFiles/CMakeTmp

Run Build Command(s):/usr/bin/make -f Makefile cmTC_39b82/fast && /usr/bin/make  -f CMakeFiles/cmTC_39b82.dir/build.make CMakeFiles/cmTC_39b82.dir/build
make[1]: Entering directory '/home/haininh/my_catkin8/build/motorosudp/CMakeFiles/CMakeTmp'
Building C object CMakeFiles/cmTC_39b82.dir/CheckFunctionExists.c.o
/usr/bin/cc   -std=c11 -DCHECK_FUNCTION_EXISTS=pthread_create -o CMakeFiles/cmTC_39b82.dir/CheckFunctionExists.c.o -c /usr/share/cmake-3.21/Modules/CheckFunctionExists.c
Linking C executable cmTC_39b82
/usr/bin/cmake -E cmake_link_script CMakeFiles/cmTC_39b82.dir/link.txt --verbose=1
/usr/bin/cc  -std=c11 -DCHECK_FUNCTION_EXISTS=pthread_create -rdynamic CMakeFiles/cmTC_39b82.dir/CheckFunctionExists.c.o -o cmTC_39b82  -lpthreads 
/usr/bin/ld: cannot find -lpthreads
collect2: error: ld returned 1 exit status
CMakeFiles/cmTC_39b82.dir/build.make:98: recipe for target 'cmTC_39b82' failed
make[1]: *** [cmTC_39b82] Error 1
make[1]: Leaving directory '/home/haininh/my_catkin8/build/motorosudp/CMakeFiles/CMakeTmp'
Makefile:127: recipe for target 'cmTC_39b82/fast' failed
make: *** [cmTC_39b82/fast] Error 2



Determining if the Q_WS_WIN exist failed with the following output:
Change Dir: /home/haininh/my_catkin8/build/motorosudp/CMakeFiles/CMakeTmp

Run Build Command(s):/usr/bin/make -f Makefile cmTC_c4150/fast && /usr/bin/make  -f CMakeFiles/cmTC_c4150.dir/build.make CMakeFiles/cmTC_c4150.dir/build
make[1]: Entering directory '/home/haininh/my_catkin8/build/motorosudp/CMakeFiles/CMakeTmp'
Building CXX object CMakeFiles/cmTC_c4150.dir/CheckSymbolExists.cxx.o
/usr/bin/c++  -I/usr/include/qt4 -std=c++11  -o CMakeFiles/cmTC_c4150.dir/CheckSymbolExists.cxx.o -c /home/haininh/my_catkin8/build/motorosudp/CMakeFiles/CMakeTmp/CheckSymbolExists.cxx
/home/haininh/my_catkin8/build/motorosudp/CMakeFiles/CMakeTmp/CheckSymbolExists.cxx: In function ‘int main(int, char**)’:
/home/haininh/my_catkin8/build/motorosudp/CMakeFiles/CMakeTmp/CheckSymbolExists.cxx:8:19: error: ‘Q_WS_WIN’ was not declared in this scope
   return ((int*)(&Q_WS_WIN))[argc];
                   ^~~~~~~~
/home/haininh/my_catkin8/build/motorosudp/CMakeFiles/CMakeTmp/CheckSymbolExists.cxx:8:19: note: suggested alternative: ‘Q_WS_X11’
   return ((int*)(&Q_WS_WIN))[argc];
                   ^~~~~~~~
                   Q_WS_X11
CMakeFiles/cmTC_c4150.dir/build.make:77: recipe for target 'CMakeFiles/cmTC_c4150.dir/CheckSymbolExists.cxx.o' failed
make[1]: *** [CMakeFiles/cmTC_c4150.dir/CheckSymbolExists.cxx.o] Error 1
make[1]: Leaving directory '/home/haininh/my_catkin8/build/motorosudp/CMakeFiles/CMakeTmp'
Makefile:127: recipe for target 'cmTC_c4150/fast' failed
make: *** [cmTC_c4150/fast] Error 2


File /home/haininh/my_catkin8/build/motorosudp/CMakeFiles/CMakeTmp/CheckSymbolExists.cxx:
/* */
#include <QtCore/qglobal.h>

int main(int argc, char** argv)
{
  (void)argv;
#ifndef Q_WS_WIN
  return ((int*)(&Q_WS_WIN))[argc];
#else
  (void)argc;
  return 0;
#endif
}
Determining if the Q_WS_QWS exist failed with the following output:
Change Dir: /home/haininh/my_catkin8/build/motorosudp/CMakeFiles/CMakeTmp

Run Build Command(s):/usr/bin/make -f Makefile cmTC_3f9a6/fast && /usr/bin/make  -f CMakeFiles/cmTC_3f9a6.dir/build.make CMakeFiles/cmTC_3f9a6.dir/build
make[1]: Entering directory '/home/haininh/my_catkin8/build/motorosudp/CMakeFiles/CMakeTmp'
Building CXX object CMakeFiles/cmTC_3f9a6.dir/CheckSymbolExists.cxx.o
/usr/bin/c++  -I/usr/include/qt4 -std=c++11  -o CMakeFiles/cmTC_3f9a6.dir/CheckSymbolExists.cxx.o -c /home/haininh/my_catkin8/build/motorosudp/CMakeFiles/CMakeTmp/CheckSymbolExists.cxx
/home/haininh/my_catkin8/build/motorosudp/CMakeFiles/CMakeTmp/CheckSymbolExists.cxx: In function ‘int main(int, char**)’:
/home/haininh/my_catkin8/build/motorosudp/CMakeFiles/CMakeTmp/CheckSymbolExists.cxx:8:19: error: ‘Q_WS_QWS’ was not declared in this scope
   return ((int*)(&Q_WS_QWS))[argc];
                   ^~~~~~~~
/home/haininh/my_catkin8/build/motorosudp/CMakeFiles/CMakeTmp/CheckSymbolExists.cxx:8:19: note: suggested alternative: ‘Q_WS_X11’
   return ((int*)(&Q_WS_QWS))[argc];
                   ^~~~~~~~
                   Q_WS_X11
CMakeFiles/cmTC_3f9a6.dir/build.make:77: recipe for target 'CMakeFiles/cmTC_3f9a6.dir/CheckSymbolExists.cxx.o' failed
make[1]: *** [CMakeFiles/cmTC_3f9a6.dir/CheckSymbolExists.cxx.o] Error 1
make[1]: Leaving directory '/home/haininh/my_catkin8/build/motorosudp/CMakeFiles/CMakeTmp'
Makefile:127: recipe for target 'cmTC_3f9a6/fast' failed
make: *** [cmTC_3f9a6/fast] Error 2


File /home/haininh/my_catkin8/build/motorosudp/CMakeFiles/CMakeTmp/CheckSymbolExists.cxx:
/* */
#include <QtCore/qglobal.h>

int main(int argc, char** argv)
{
  (void)argv;
#ifndef Q_WS_QWS
  return ((int*)(&Q_WS_QWS))[argc];
#else
  (void)argc;
  return 0;
#endif
}
Determining if the Q_WS_MAC exist failed with the following output:
Change Dir: /home/haininh/my_catkin8/build/motorosudp/CMakeFiles/CMakeTmp

Run Build Command(s):/usr/bin/make -f Makefile cmTC_6c147/fast && /usr/bin/make  -f CMakeFiles/cmTC_6c147.dir/build.make CMakeFiles/cmTC_6c147.dir/build
make[1]: Entering directory '/home/haininh/my_catkin8/build/motorosudp/CMakeFiles/CMakeTmp'
Building CXX object CMakeFiles/cmTC_6c147.dir/CheckSymbolExists.cxx.o
/usr/bin/c++  -I/usr/include/qt4 -std=c++11  -o CMakeFiles/cmTC_6c147.dir/CheckSymbolExists.cxx.o -c /home/haininh/my_catkin8/build/motorosudp/CMakeFiles/CMakeTmp/CheckSymbolExists.cxx
/home/haininh/my_catkin8/build/motorosudp/CMakeFiles/CMakeTmp/CheckSymbolExists.cxx: In function ‘int main(int, char**)’:
/home/haininh/my_catkin8/build/motorosudp/CMakeFiles/CMakeTmp/CheckSymbolExists.cxx:8:19: error: ‘Q_WS_MAC’ was not declared in this scope
   return ((int*)(&Q_WS_MAC))[argc];
                   ^~~~~~~~
/home/haininh/my_catkin8/build/motorosudp/CMakeFiles/CMakeTmp/CheckSymbolExists.cxx:8:19: note: suggested alternative: ‘Q_WS_X11’
   return ((int*)(&Q_WS_MAC))[argc];
                   ^~~~~~~~
                   Q_WS_X11
CMakeFiles/cmTC_6c147.dir/build.make:77: recipe for target 'CMakeFiles/cmTC_6c147.dir/CheckSymbolExists.cxx.o' failed
make[1]: *** [CMakeFiles/cmTC_6c147.dir/CheckSymbolExists.cxx.o] Error 1
make[1]: Leaving directory '/home/haininh/my_catkin8/build/motorosudp/CMakeFiles/CMakeTmp'
Makefile:127: recipe for target 'cmTC_6c147/fast' failed
make: *** [cmTC_6c147/fast] Error 2


File /home/haininh/my_catkin8/build/motorosudp/CMakeFiles/CMakeTmp/CheckSymbolExists.cxx:
/* */
#include <QtCore/qglobal.h>

int main(int argc, char** argv)
{
  (void)argv;
#ifndef Q_WS_MAC
  return ((int*)(&Q_WS_MAC))[argc];
#else
  (void)argc;
  return 0;
#endif
}
